<?xml version="1.0" encoding="UTF-8"?>
<!-- Generated by org.testng.reporters.JUnitReportReporter -->
<testsuite hostname="petti-X550JX" failures="0" tests="1" name="com.example.demo.DemoApplicationTests" time="11.036" errors="0" timestamp="21 nov. 2018 20:37:45 GMT" skipped="0">
  <testcase classname="com.example.demo.DemoApplicationTests" name="contextLoads" time="11.036"/>
</testsuite> <!-- com.example.demo.DemoApplicationTests -->
